<?xml version="1.0" encoding="UTF-8"?>
<testsuite xmlns:xsi="http://www.w3.org/2001/XMLSchema-instance" xsi:noNamespaceSchemaLocation="https://maven.apache.org/surefire/maven-surefire-plugin/xsd/surefire-test-report-3.0.xsd" version="3.0" name="com.mspprarosaje.arosaje.plant.PlantTests" time="0.243" tests="4" errors="1" skipped="0" failures="2">
  <properties>
[...]
</properties>
  <testcase name="plantResquestIsNotNull" classname="com.mspprarosaje.arosaje.plant.PlantTests" time="0.124">
    <failure message="expected: &lt;true&gt; but was: &lt;false&gt;" type="org.opentest4j.AssertionFailedError"><![CDATA[org.opentest4j.AssertionFailedError: expected: <true> but was: <false>
	at org.junit.jupiter.api.AssertionFailureBuilder.build(AssertionFailureBuilder.java:151)
	at org.junit.jupiter.api.AssertionFailureBuilder.buildAndThrow(AssertionFailureBuilder.java:132)
	at org.junit.jupiter.api.AssertTrue.failNotTrue(AssertTrue.java:63)
	at org.junit.jupiter.api.AssertTrue.assertTrue(AssertTrue.java:36)
	at org.junit.jupiter.api.AssertTrue.assertTrue(AssertTrue.java:31)
	at org.junit.jupiter.api.Assertions.assertTrue(Assertions.java:183)
	at com.mspprarosaje.arosaje.plant.PlantTests.plantResquestIsNotNull(PlantTests.java:46)
	at java.base/java.lang.reflect.Method.invoke(Method.java:580)
	at java.base/java.util.ArrayList.forEach(ArrayList.java:1596)
	at java.base/java.util.ArrayList.forEach(ArrayList.java:1596)
]]></failure>
    <system-out><![CDATA[2024-03-04T12:49:43.793+01:00  INFO 2604 --- [           main] t.c.s.AnnotationConfigContextLoaderUtils : Could not detect default configuration classes for test class [com.mspprarosaje.arosaje.plant.PlantTests]: PlantTests does not declare any static, non-private, non-final, nested classes annotated with @Configuration.
2024-03-04T12:49:43.806+01:00  INFO 2604 --- [           main] .b.t.c.SpringBootTestContextBootstrapper : Found @SpringBootConfiguration com.mspprarosaje.arosaje.ArosajeApplication for test class com.mspprarosaje.arosaje.plant.PlantTests
Hibernate: select p1_0.id,a1_0.id,a1_0.city,a1_0.other_info,a1_0.postal_address,u1_0.id,u1_0.email,u1_0.first_name,u1_0.last_name,u1_0.password,u1_0.user_type,a1_0.zip_code,p1_0.description,p1_0.name,p2_0.id,p2_0.creation_date,pc1_0.id,pc1_0.name,u2_0.id,u2_0.email,u2_0.first_name,u2_0.last_name,u2_0.password,u2_0.user_type from plant p1_0 left join address a1_0 on a1_0.id=p1_0.address_id left join user u1_0 on u1_0.id=a1_0.user_id left join picture p2_0 on p2_0.id=p1_0.picture_id left join plant_condition pc1_0 on pc1_0.id=p1_0.plant_condition_id left join user u2_0 on u2_0.id=p1_0.user_id where p1_0.id=?
]]></system-out>
  </testcase>
  <testcase name="plantPostAndDeleteRequestIsTrue" classname="com.mspprarosaje.arosaje.plant.PlantTests" time="0.01">
    <error message="No value present" type="java.util.NoSuchElementException"><![CDATA[java.util.NoSuchElementException: No value present
	at java.base/java.util.Optional.get(Optional.java:143)
	at com.mspprarosaje.arosaje.api.mappers.plant.impl.PlantCreateMapperImpl.fromDto(PlantCreateMapperImpl.java:33)
	at com.mspprarosaje.arosaje.api.PlantController.createPlant(PlantController.java:107)
	at com.mspprarosaje.arosaje.plant.PlantTests.plantPostAndDeleteRequestIsTrue(PlantTests.java:32)
	at java.base/java.lang.reflect.Method.invoke(Method.java:580)
	at java.base/java.util.ArrayList.forEach(ArrayList.java:1596)
	at java.base/java.util.ArrayList.forEach(ArrayList.java:1596)
]]></error>
    <system-out><![CDATA[Hibernate: select pc1_0.id,pc1_0.name from plant_condition pc1_0 where pc1_0.id=?
Hibernate: select pc1_0.id,pc1_0.name from plant_condition pc1_0 where pc1_0.id=?
]]></system-out>
  </testcase>
  <testcase name="plantResquestIsNull" classname="com.mspprarosaje.arosaje.plant.PlantTests" time="0.006">
    <system-out><![CDATA[Hibernate: select p1_0.id,a1_0.id,a1_0.city,a1_0.other_info,a1_0.postal_address,u1_0.id,u1_0.email,u1_0.first_name,u1_0.last_name,u1_0.password,u1_0.user_type,a1_0.zip_code,p1_0.description,p1_0.name,p2_0.id,p2_0.creation_date,pc1_0.id,pc1_0.name,u2_0.id,u2_0.email,u2_0.first_name,u2_0.last_name,u2_0.password,u2_0.user_type from plant p1_0 left join address a1_0 on a1_0.id=p1_0.address_id left join user u1_0 on u1_0.id=a1_0.user_id left join picture p2_0 on p2_0.id=p1_0.picture_id left join plant_condition pc1_0 on pc1_0.id=p1_0.plant_condition_id left join user u2_0 on u2_0.id=p1_0.user_id where p1_0.id=?
]]></system-out>
  </testcase>
  <testcase name="plantsRequestIsNotNull" classname="com.mspprarosaje.arosaje.plant.PlantTests" time="0.069">
    <failure message="expected: &lt;true&gt; but was: &lt;false&gt;" type="org.opentest4j.AssertionFailedError"><![CDATA[org.opentest4j.AssertionFailedError: expected: <true> but was: <false>
	at org.junit.jupiter.api.AssertionFailureBuilder.build(AssertionFailureBuilder.java:151)
	at org.junit.jupiter.api.AssertionFailureBuilder.buildAndThrow(AssertionFailureBuilder.java:132)
	at org.junit.jupiter.api.AssertTrue.failNotTrue(AssertTrue.java:63)
	at org.junit.jupiter.api.AssertTrue.assertTrue(AssertTrue.java:36)
	at org.junit.jupiter.api.AssertTrue.assertTrue(AssertTrue.java:31)
	at org.junit.jupiter.api.Assertions.assertTrue(Assertions.java:183)
	at com.mspprarosaje.arosaje.plant.PlantTests.plantsRequestIsNotNull(PlantTests.java:41)
	at java.base/java.lang.reflect.Method.invoke(Method.java:580)
	at java.base/java.util.ArrayList.forEach(ArrayList.java:1596)
	at java.base/java.util.ArrayList.forEach(ArrayList.java:1596)
]]></failure>
    <system-out><![CDATA[Hibernate: select p1_0.id,p1_0.address_id,p1_0.description,p1_0.name,p1_0.picture_id,p1_0.plant_condition_id,p1_0.user_id from plant p1_0
]]></system-out>
  </testcase>
</testsuite>