<?xml version="1.0" encoding="UTF-8"?>
<testsuite xmlns:xsi="http://www.w3.org/2001/XMLSchema-instance" xsi:noNamespaceSchemaLocation="https://maven.apache.org/surefire/maven-surefire-plugin/xsd/surefire-test-report-3.0.xsd" version="3.0" name="com.mspprarosaje.arosaje.ArosajeApplicationTests" time="8.003" tests="1" errors="0" skipped="0" failures="0">
  <properties>
[...]
</properties>
  <testcase name="contextLoads" classname="com.mspprarosaje.arosaje.ArosajeApplicationTests" time="0.735">
    <system-out><![CDATA[16:48:29.932 [main] INFO org.springframework.test.context.support.AnnotationConfigContextLoaderUtils -- Could not detect default configuration classes for test class [com.mspprarosaje.arosaje.ArosajeApplicationTests]: ArosajeApplicationTests does not declare any static, non-private, non-final, nested classes annotated with @Configuration.
16:48:30.146 [main] INFO org.springframework.boot.test.context.SpringBootTestContextBootstrapper -- Found @SpringBootConfiguration com.mspprarosaje.arosaje.ArosajeApplication for test class com.mspprarosaje.arosaje.ArosajeApplicationTests
16:48:30.398 [main] INFO org.springframework.boot.devtools.restart.RestartApplicationListener -- Restart disabled due to context in which it is running

  .   ____          _            __ _ _
 /\\ / ___'_ __ _ _(_)_ __  __ _ \ \ \ \
( ( )\___ | '_ | '_| | '_ \/ _` | \ \ \ \
 \\/  ___)| |_)| | | | | || (_| |  ) ) ) )
  '  |____| .__|_| |_|_| |_\__, | / / / /
 =========|_|==============|___/=/_/_/_/
 :: Spring Boot ::                (v3.2.0)

2024-02-06T16:48:30.771+01:00  INFO 27680 --- [           main] c.m.arosaje.ArosajeApplicationTests      : Starting ArosajeApplicationTests using Java 21 with PID 27680 (started by thibl in C:\Users\thibl\OneDrive\Bureau\EPSI\B3-2\MSPR\code\api\arosaje)
2024-02-06T16:48:30.772+01:00  INFO 27680 --- [           main] c.m.arosaje.ArosajeApplicationTests      : No active profile set, falling back to 1 default profile: "default"
2024-02-06T16:48:32.016+01:00  INFO 27680 --- [           main] .s.d.r.c.RepositoryConfigurationDelegate : Bootstrapping Spring Data JPA repositories in DEFAULT mode.
2024-02-06T16:48:32.149+01:00  INFO 27680 --- [           main] .s.d.r.c.RepositoryConfigurationDelegate : Finished Spring Data repository scanning in 118 ms. Found 4 JPA repository interfaces.
2024-02-06T16:48:32.906+01:00  INFO 27680 --- [           main] o.hibernate.jpa.internal.util.LogHelper  : HHH000204: Processing PersistenceUnitInfo [name: default]
2024-02-06T16:48:33.090+01:00  INFO 27680 --- [           main] org.hibernate.Version                    : HHH000412: Hibernate ORM core version 6.3.1.Final
2024-02-06T16:48:33.163+01:00  INFO 27680 --- [           main] o.h.c.internal.RegionFactoryInitiator    : HHH000026: Second-level cache disabled
2024-02-06T16:48:33.568+01:00  INFO 27680 --- [           main] o.s.o.j.p.SpringPersistenceUnitInfo      : No LoadTimeWeaver setup: ignoring JPA class transformer
2024-02-06T16:48:33.615+01:00  INFO 27680 --- [           main] com.zaxxer.hikari.HikariDataSource       : HikariPool-1 - Starting...
2024-02-06T16:48:33.811+01:00  INFO 27680 --- [           main] com.zaxxer.hikari.pool.HikariPool        : HikariPool-1 - Added connection org.sqlite.jdbc4.JDBC4Connection@53d30d23
2024-02-06T16:48:33.814+01:00  INFO 27680 --- [           main] com.zaxxer.hikari.HikariDataSource       : HikariPool-1 - Start completed.
Hibernate: create table HTE_plant_condition(id integer, rn_ integer not null, hib_sess_id char(36) not null, name varchar(50), primary key (rn_, hib_sess_id))
Hibernate: create table HTE_comment(commentator_id integer, id integer, plant_id integer, rn_ integer not null, publishing_date timestamp, hib_sess_id char(36) not null, text varchar(255), primary key (rn_, hib_sess_id))
Hibernate: create table HTE_picture(id integer, rn_ integer not null, creation_date timestamp, hib_sess_id char(36) not null, url varchar(255), primary key (rn_, hib_sess_id))
Hibernate: create table HTE_message(id integer, receiver_id integer, rn_ integer not null, sender_id integer, publishing_date timestamp, hib_sess_id char(36) not null, text TEXT, primary key (rn_, hib_sess_id))
Hibernate: create table HTE_plant(id integer, picture_id integer, plant_condition_id integer, rn_ integer not null, hib_sess_id char(36) not null, name varchar(50), description varchar(255), user varchar(255), primary key (rn_, hib_sess_id))
Hibernate: create table HTE_user(id integer, rn_ integer not null, user_type_id integer, hib_sess_id char(36) not null, first_name varchar(50), last_name varchar(50), email varchar(255), password varchar(255), primary key (rn_, hib_sess_id))
Hibernate: create table HTE_address(id integer, rn_ integer not null, user_id integer, city varchar(20), hib_sess_id char(36) not null, other_info varchar(255), postal_address varchar(255), zip_code varchar(255), primary key (rn_, hib_sess_id))
Hibernate: create table HTE_publication(address_id integer, garden_keeper_id integer, id integer, publisher_id integer, rn_ integer not null, creation_date timestamp, hib_sess_id char(36) not null, title varchar(50), description varchar(255), primary key (rn_, hib_sess_id))
Hibernate: create table HTE_user_type(id integer, rn_ integer not null, name varchar(20), hib_sess_id char(36) not null, primary key (rn_, hib_sess_id))
2024-02-06T16:48:35.371+01:00  INFO 27680 --- [           main] o.h.e.t.j.p.i.JtaPlatformInitiator       : HHH000489: No JTA platform available (set 'hibernate.transaction.jta.platform' to enable JTA platform integration)
2024-02-06T16:48:35.444+01:00  INFO 27680 --- [           main] j.LocalContainerEntityManagerFactoryBean : Initialized JPA EntityManagerFactory for persistence unit 'default'
2024-02-06T16:48:36.224+01:00  WARN 27680 --- [           main] JpaBaseConfiguration$JpaWebConfiguration : spring.jpa.open-in-view is enabled by default. Therefore, database queries may be performed during view rendering. Explicitly configure spring.jpa.open-in-view to disable this warning
2024-02-06T16:48:36.884+01:00  INFO 27680 --- [           main] c.m.arosaje.ArosajeApplicationTests      : Started ArosajeApplicationTests in 6.507 seconds (process running for 7.982)
]]></system-out>
    <system-err><![CDATA[WARNING: A Java agent has been loaded dynamically (C:\Users\thibl\.m2\repository\net\bytebuddy\byte-buddy-agent\1.14.10\byte-buddy-agent-1.14.10.jar)
WARNING: If a serviceability tool is in use, please run with -XX:+EnableDynamicAgentLoading to hide this warning
WARNING: If a serviceability tool is not in use, please run with -Djdk.instrument.traceUsage for more information
WARNING: Dynamic loading of agents will be disallowed by default in a future release
]]></system-err>
  </testcase>
</testsuite>