-------------------------------------------------------------------------------
Test set: com.mspprarosaje.arosaje.plant.PlantTests
-------------------------------------------------------------------------------
Tests run: 4, Failures: 2, Errors: 1, Skipped: 0, Time elapsed: 0.226 s <<< FAILURE! -- in com.mspprarosaje.arosaje.plant.PlantTests
com.mspprarosaje.arosaje.plant.PlantTests.plantResquestIsNotNull -- Time elapsed: 0.121 s <<< FAILURE!
org.opentest4j.AssertionFailedError: expected: <true> but was: <false>
	at org.junit.jupiter.api.AssertionFailureBuilder.build(AssertionFailureBuilder.java:151)
	at org.junit.jupiter.api.AssertionFailureBuilder.buildAndThrow(AssertionFailureBuilder.java:132)
	at org.junit.jupiter.api.AssertTrue.failNotTrue(AssertTrue.java:63)
	at org.junit.jupiter.api.AssertTrue.assertTrue(AssertTrue.java:36)
	at org.junit.jupiter.api.AssertTrue.assertTrue(AssertTrue.java:31)
	at org.junit.jupiter.api.Assertions.assertTrue(Assertions.java:183)
	at com.mspprarosaje.arosaje.plant.PlantTests.plantResquestIsNotNull(PlantTests.java:46)
	at java.base/java.lang.reflect.Method.invoke(Method.java:580)
	at java.base/java.util.ArrayList.forEach(ArrayList.java:1596)
	at java.base/java.util.ArrayList.forEach(ArrayList.java:1596)

com.mspprarosaje.arosaje.plant.PlantTests.plantPostAndDeleteRequestIsTrue -- Time elapsed: 0.008 s <<< ERROR!
java.util.NoSuchElementException: No value present
	at java.base/java.util.Optional.get(Optional.java:143)
	at com.mspprarosaje.arosaje.api.mappers.plant.impl.PlantCreateMapperImpl.fromDto(PlantCreateMapperImpl.java:33)
	at com.mspprarosaje.arosaje.api.PlantController.createPlant(PlantController.java:107)
	at com.mspprarosaje.arosaje.plant.PlantTests.plantPostAndDeleteRequestIsTrue(PlantTests.java:32)
	at java.base/java.lang.reflect.Method.invoke(Method.java:580)
	at java.base/java.util.ArrayList.forEach(ArrayList.java:1596)
	at java.base/java.util.ArrayList.forEach(ArrayList.java:1596)

com.mspprarosaje.arosaje.plant.PlantTests.plantsRequestIsNotNull -- Time elapsed: 0.054 s <<< FAILURE!
org.opentest4j.AssertionFailedError: expected: <true> but was: <false>
	at org.junit.jupiter.api.AssertionFailureBuilder.build(AssertionFailureBuilder.java:151)
	at org.junit.jupiter.api.AssertionFailureBuilder.buildAndThrow(AssertionFailureBuilder.java:132)
	at org.junit.jupiter.api.AssertTrue.failNotTrue(AssertTrue.java:63)
	at org.junit.jupiter.api.AssertTrue.assertTrue(AssertTrue.java:36)
	at org.junit.jupiter.api.AssertTrue.assertTrue(AssertTrue.java:31)
	at org.junit.jupiter.api.Assertions.assertTrue(Assertions.java:183)
	at com.mspprarosaje.arosaje.plant.PlantTests.plantsRequestIsNotNull(PlantTests.java:41)
	at java.base/java.lang.reflect.Method.invoke(Method.java:580)
	at java.base/java.util.ArrayList.forEach(ArrayList.java:1596)
	at java.base/java.util.ArrayList.forEach(ArrayList.java:1596)

