<?xml version="1.0" encoding="UTF-8"?>
<testsuite xmlns:xsi="http://www.w3.org/2001/XMLSchema-instance" xsi:noNamespaceSchemaLocation="https://maven.apache.org/surefire/maven-surefire-plugin/xsd/surefire-test-report-3.0.xsd" version="3.0" name="com.mspprarosaje.arosaje.ArosajeApplicationTests" time="9.302" tests="2" errors="0" skipped="0" failures="0">
  <properties>
[...]
</properties>
  <testcase name="contextLoads" classname="com.mspprarosaje.arosaje.ArosajeApplicationTests" time="0.582">
    <system-out><![CDATA[17:32:23.251 [main] INFO org.springframework.test.context.support.AnnotationConfigContextLoaderUtils -- Could not detect default configuration classes for test class [com.mspprarosaje.arosaje.ArosajeApplicationTests]: ArosajeApplicationTests does not declare any static, non-private, non-final, nested classes annotated with @Configuration.
17:32:23.410 [main] INFO org.springframework.boot.test.context.SpringBootTestContextBootstrapper -- Found @SpringBootConfiguration com.mspprarosaje.arosaje.ArosajeApplication for test class com.mspprarosaje.arosaje.ArosajeApplicationTests
17:32:23.659 [main] INFO org.springframework.boot.devtools.restart.RestartApplicationListener -- Restart disabled due to context in which it is running

  .   ____          _            __ _ _
 /\\ / ___'_ __ _ _(_)_ __  __ _ \ \ \ \
( ( )\___ | '_ | '_| | '_ \/ _` | \ \ \ \
 \\/  ___)| |_)| | | | | || (_| |  ) ) ) )
  '  |____| .__|_| |_|_| |_\__, | / / / /
 =========|_|==============|___/=/_/_/_/
 :: Spring Boot ::                (v3.2.0)

2024-06-11T17:32:23.978+02:00  INFO 14716 --- [           main] c.m.arosaje.ArosajeApplicationTests      : Starting ArosajeApplicationTests using Java 21.0.1 with PID 14716 (started by alexr in C:\Users\alexr\Documents\GitHub\api)
2024-06-11T17:32:23.980+02:00  INFO 14716 --- [           main] c.m.arosaje.ArosajeApplicationTests      : No active profile set, falling back to 1 default profile: "default"
2024-06-11T17:32:25.503+02:00  INFO 14716 --- [           main] .s.d.r.c.RepositoryConfigurationDelegate : Bootstrapping Spring Data JPA repositories in DEFAULT mode.
2024-06-11T17:32:25.660+02:00  INFO 14716 --- [           main] .s.d.r.c.RepositoryConfigurationDelegate : Finished Spring Data repository scanning in 143 ms. Found 10 JPA repository interfaces.
2024-06-11T17:32:26.537+02:00  INFO 14716 --- [           main] o.hibernate.jpa.internal.util.LogHelper  : HHH000204: Processing PersistenceUnitInfo [name: default]
2024-06-11T17:32:26.663+02:00  INFO 14716 --- [           main] org.hibernate.Version                    : HHH000412: Hibernate ORM core version 6.3.1.Final
2024-06-11T17:32:26.756+02:00  INFO 14716 --- [           main] o.h.c.internal.RegionFactoryInitiator    : HHH000026: Second-level cache disabled
2024-06-11T17:32:27.172+02:00  INFO 14716 --- [           main] o.s.o.j.p.SpringPersistenceUnitInfo      : No LoadTimeWeaver setup: ignoring JPA class transformer
2024-06-11T17:32:27.225+02:00  INFO 14716 --- [           main] com.zaxxer.hikari.HikariDataSource       : HikariPool-1 - Starting...
2024-06-11T17:32:27.346+02:00  INFO 14716 --- [           main] com.zaxxer.hikari.pool.HikariPool        : HikariPool-1 - Added connection org.sqlite.jdbc4.JDBC4Connection@402d6012
2024-06-11T17:32:27.348+02:00  INFO 14716 --- [           main] com.zaxxer.hikari.HikariDataSource       : HikariPool-1 - Start completed.
Hibernate: create table HTE_plant_condition(id integer, rn_ integer not null, hib_sess_id char(36) not null, name varchar(50), primary key (rn_, hib_sess_id))
Hibernate: create table HTE_comment(commentator_id integer, id integer, report_id integer, rn_ integer not null, publishing_date timestamp, hib_sess_id char(36) not null, text TEXT, primary key (rn_, hib_sess_id))
Hibernate: create table HTE_picture(creation_date date, id integer, rn_ integer not null, hib_sess_id char(36) not null, primary key (rn_, hib_sess_id))
Hibernate: create table HTE_report(id integer, publication_id integer, publishing_date date, rn_ integer not null, hib_sess_id char(36) not null, text varchar(255), title varchar(255), primary key (rn_, hib_sess_id))
Hibernate: create table HTE_message(id integer, receiver_id integer, rn_ integer not null, sender_id integer, publishing_date timestamp, hib_sess_id char(36) not null, text TEXT, primary key (rn_, hib_sess_id))
Hibernate: create table HTE_plant(address_id integer, id integer, picture_id integer, plant_condition_id integer, rn_ integer not null, user_id integer, hib_sess_id char(36) not null, name varchar(50), description varchar(255), primary key (rn_, hib_sess_id))
Hibernate: create table HTE_token(expired boolean, id integer, revoked boolean, rn_ integer not null, user_id integer, hib_sess_id char(36) not null, token varchar(255), token_type varchar(255), primary key (rn_, hib_sess_id))
Hibernate: create table HTE_user(id integer, rn_ integer not null, hib_sess_id char(36) not null, first_name varchar(50), last_name varchar(50), email varchar(255), password varchar(255), user_type varchar(255), primary key (rn_, hib_sess_id))
Hibernate: create table HTE_address(id integer, rn_ integer not null, user_id integer, city varchar(20), hib_sess_id char(36) not null, other_info varchar(255), postal_address varchar(255), zip_code varchar(255), primary key (rn_, hib_sess_id))
Hibernate: create table HTE_publication(address_id integer, creation_date date, garden_keeper_id integer, id integer, publisher_id integer, rn_ integer not null, hib_sess_id char(36) not null, description varchar(200), primary key (rn_, hib_sess_id))
2024-06-11T17:32:28.703+02:00  INFO 14716 --- [           main] o.h.e.t.j.p.i.JtaPlatformInitiator       : HHH000489: No JTA platform available (set 'hibernate.transaction.jta.platform' to enable JTA platform integration)
2024-06-11T17:32:28.763+02:00  INFO 14716 --- [           main] j.LocalContainerEntityManagerFactoryBean : Initialized JPA EntityManagerFactory for persistence unit 'default'
2024-06-11T17:32:29.552+02:00  INFO 14716 --- [           main] o.s.d.j.r.query.QueryEnhancerFactory     : Hibernate is in classpath; If applicable, HQL parser will be used.
2024-06-11T17:32:30.649+02:00  WARN 14716 --- [           main] JpaBaseConfiguration$JpaWebConfiguration : spring.jpa.open-in-view is enabled by default. Therefore, database queries may be performed during view rendering. Explicitly configure spring.jpa.open-in-view to disable this warning
2024-06-11T17:32:31.199+02:00  INFO 14716 --- [           main] o.s.s.web.DefaultSecurityFilterChain     : Will secure any request with [org.springframework.security.web.session.DisableEncodeUrlFilter@7921eb37, org.springframework.security.web.context.request.async.WebAsyncManagerIntegrationFilter@3fdb9c55, org.springframework.security.web.context.SecurityContextHolderFilter@48720dcf, org.springframework.security.web.header.HeaderWriterFilter@5bb2f959, org.springframework.web.filter.CorsFilter@1f619466, org.springframework.security.web.authentication.logout.LogoutFilter@2c8d8934, com.mspprarosaje.arosaje.auth.config.JwtAuthFilter@2220780d, org.springframework.security.web.savedrequest.RequestCacheAwareFilter@1e1908ab, org.springframework.security.web.servletapi.SecurityContextHolderAwareRequestFilter@7680cb52, org.springframework.security.web.authentication.AnonymousAuthenticationFilter@648ebda1, org.springframework.security.web.session.SessionManagementFilter@b8d8fb7, org.springframework.security.web.access.ExceptionTranslationFilter@5c501f62, org.springframework.security.web.access.intercept.AuthorizationFilter@201cc412]
2024-06-11T17:32:31.708+02:00  INFO 14716 --- [           main] c.m.arosaje.ArosajeApplicationTests      : Started ArosajeApplicationTests in 8.071 seconds (process running for 9.399)
]]></system-out>
    <system-err><![CDATA[WARNING: A Java agent has been loaded dynamically (C:\Users\alexr\.m2\repository\net\bytebuddy\byte-buddy-agent\1.14.10\byte-buddy-agent-1.14.10.jar)
WARNING: If a serviceability tool is in use, please run with -XX:+EnableDynamicAgentLoading to hide this warning
WARNING: If a serviceability tool is not in use, please run with -Djdk.instrument.traceUsage for more information
WARNING: Dynamic loading of agents will be disallowed by default in a future release
]]></system-err>
  </testcase>
  <testcase name="testIsTrue" classname="com.mspprarosaje.arosaje.ArosajeApplicationTests" time="0.003"/>
</testsuite>